[2026-07-24 03:31:15] 
[2026-07-24 03:31:15] ================================================================================
[2026-07-24 03:31:15] PROCESSING BTC-USD
[2026-07-24 03:31:15] ================================================================================
[2026-07-24 03:31:15] 
[2026-07-24 03:31:15] --- STAGE 1: DOWNLOADING DATA ---
[2026-07-24 03:31:15] Downloading data for BTC-USD (period=60d, interval=1h)...
[2026-07-24 03:31:16] Data downloaded successfully. Total rows: 1420
[2026-07-24 03:31:16] 
[2026-07-24 03:31:16] --- STAGE 2: EVALUATING LATEST FORECAST ---
[2026-07-24 03:31:16] Latest forecast (row 5) is pending. Evaluating...
[2026-07-24 03:31:16]   ForecastTime:    2026-07-23 03:34:52
[2026-07-24 03:31:16]   Rounded to:      2026-07-23 03:00:00
[2026-07-24 03:31:16]   Target windows:  2026-07-23 04:00:00 to 2026-07-24 03:00:00
[2026-07-24 03:31:16]   Data range:      2026-05-26 00:00:00 to 2026-07-24 03:00:00
[2026-07-24 03:31:16]   -> Updated ForecastDetails row 5.
[2026-07-24 03:31:16]   -> Metrics: last_actual=65305.31, abs_error=18.29, pct_error=0.03%, mape=0.53%
[2026-07-24 03:31:16] Pending forecast evaluated.
[2026-07-24 03:31:16] 
[2026-07-24 03:31:16] --- STAGE 3: GENERATING NEW FORECAST ---
[2026-07-24 03:31:16] Running future forecast for horizon=24...
[2026-07-24 03:31:17] Logged new future forecast ID 5 at row 6. Pending actuals.
[2026-07-24 03:31:17] BTC-USD completed. Forecast ID: 5
