[2026-07-23 03:34:46] 
[2026-07-23 03:34:46] ================================================================================
[2026-07-23 03:34:46] PROCESSING SOL-USD
[2026-07-23 03:34:46] ================================================================================
[2026-07-23 03:34:46] 
[2026-07-23 03:34:46] --- STAGE 1: DOWNLOADING DATA ---
[2026-07-23 03:34:46] Downloading data for SOL-USD (period=30d, interval=1h)...
[2026-07-23 03:34:46] Data downloaded successfully. Total rows: 700
[2026-07-23 03:34:46] 
[2026-07-23 03:34:46] --- STAGE 2: EVALUATING LATEST FORECAST ---
[2026-07-23 03:34:46] Latest forecast (row 4) is pending. Evaluating...
[2026-07-23 03:34:46]   ForecastTime:    2026-07-22 03:29:47
[2026-07-23 03:34:46]   Rounded to:      2026-07-22 03:00:00
[2026-07-23 03:34:46]   Target windows:  2026-07-22 04:00:00 to 2026-07-23 03:00:00
[2026-07-23 03:34:46]   Data range:      2026-06-24 00:00:00 to 2026-07-23 03:00:00
[2026-07-23 03:34:46]   -> Updated ForecastDetails row 4.
[2026-07-23 03:34:46]   -> Metrics: last_actual=77.60, abs_error=0.56, pct_error=0.72%, mape=0.55%
[2026-07-23 03:34:46] Pending forecast evaluated.
[2026-07-23 03:34:46] 
[2026-07-23 03:34:46] --- STAGE 3: GENERATING NEW FORECAST ---
[2026-07-23 03:34:46] Running future forecast for horizon=24...
[2026-07-23 03:34:47] Logged new future forecast ID 4 at row 5. Pending actuals.
[2026-07-23 03:34:47] SOL-USD completed. Forecast ID: 4
