[2026-07-22 03:29:46] 
[2026-07-22 03:29:46] ================================================================================
[2026-07-22 03:29:46] PROCESSING SOL-USD
[2026-07-22 03:29:46] ================================================================================
[2026-07-22 03:29:46] 
[2026-07-22 03:29:46] --- STAGE 1: DOWNLOADING DATA ---
[2026-07-22 03:29:46] Downloading data for SOL-USD (period=30d, interval=1h)...
[2026-07-22 03:29:46] Data downloaded successfully. Total rows: 700
[2026-07-22 03:29:46] 
[2026-07-22 03:29:46] --- STAGE 2: EVALUATING LATEST FORECAST ---
[2026-07-22 03:29:46] Latest forecast (row 3) is pending. Evaluating...
[2026-07-22 03:29:46]   ForecastTime:    2026-07-21 03:31:15
[2026-07-22 03:29:46]   Rounded to:      2026-07-21 03:00:00
[2026-07-22 03:29:46]   Target windows:  2026-07-21 04:00:00 to 2026-07-22 03:00:00
[2026-07-22 03:29:46]   Data range:      2026-06-23 00:00:00 to 2026-07-22 03:00:00
[2026-07-22 03:29:46]   -> Updated ForecastDetails row 3.
[2026-07-22 03:29:47]   -> Metrics: last_actual=78.11, abs_error=0.16, pct_error=0.20%, mape=0.33%
[2026-07-22 03:29:47] Pending forecast evaluated.
[2026-07-22 03:29:47] 
[2026-07-22 03:29:47] --- STAGE 3: GENERATING NEW FORECAST ---
[2026-07-22 03:29:47] Running future forecast for horizon=24...
[2026-07-22 03:29:47] Logged new future forecast ID 3 at row 4. Pending actuals.
[2026-07-22 03:29:47] SOL-USD completed. Forecast ID: 3
