[2026-07-24 03:31:08] 
[2026-07-24 03:31:08] ================================================================================
[2026-07-24 03:31:08] PROCESSING SOL-USD
[2026-07-24 03:31:08] ================================================================================
[2026-07-24 03:31:08] 
[2026-07-24 03:31:08] --- STAGE 1: DOWNLOADING DATA ---
[2026-07-24 03:31:08] Downloading data for SOL-USD (period=30d, interval=1h)...
[2026-07-24 03:31:08] Data downloaded successfully. Total rows: 700
[2026-07-24 03:31:08] 
[2026-07-24 03:31:08] --- STAGE 2: EVALUATING LATEST FORECAST ---
[2026-07-24 03:31:08] Latest forecast (row 5) is pending. Evaluating...
[2026-07-24 03:31:08]   ForecastTime:    2026-07-23 03:34:47
[2026-07-24 03:31:08]   Rounded to:      2026-07-23 03:00:00
[2026-07-24 03:31:08]   Target windows:  2026-07-23 04:00:00 to 2026-07-24 03:00:00
[2026-07-24 03:31:08]   Data range:      2026-06-25 00:00:00 to 2026-07-24 03:00:00
[2026-07-24 03:31:08]   -> Updated ForecastDetails row 5.
[2026-07-24 03:31:09]   -> Metrics: last_actual=75.86, abs_error=1.64, pct_error=2.16%, mape=1.42%
[2026-07-24 03:31:09] Pending forecast evaluated.
[2026-07-24 03:31:09] 
[2026-07-24 03:31:09] --- STAGE 3: GENERATING NEW FORECAST ---
[2026-07-24 03:31:09] Running future forecast for horizon=24...
[2026-07-24 03:31:10] Logged new future forecast ID 5 at row 6. Pending actuals.
[2026-07-24 03:31:10] SOL-USD completed. Forecast ID: 5
