[2026-07-21 03:31:29] 
[2026-07-21 03:31:29] ================================================================================
[2026-07-21 03:31:29] PROCESSING SOL-USD
[2026-07-21 03:31:29] ================================================================================
[2026-07-21 03:31:29] 
[2026-07-21 03:31:29] --- STAGE 1: DOWNLOADING DATA ---
[2026-07-21 03:31:29] Downloading data for SOL-USD (period=30d, interval=4h)...
[2026-07-21 03:31:29] Data downloaded successfully. Total rows: 175
[2026-07-21 03:31:29] 
[2026-07-21 03:31:29] --- STAGE 2: EVALUATING LATEST FORECAST ---
[2026-07-21 03:31:29] Latest forecast (row 2) is pending. Evaluating...
[2026-07-21 03:31:29]   ForecastTime:    2026-07-20 03:52:03
[2026-07-21 03:31:29]   Rounded to:      2026-07-20 00:00:00
[2026-07-21 03:31:29]   Target windows:  2026-07-20 04:00:00 to 2026-07-21 00:00:00
[2026-07-21 03:31:29]   Data range:      2026-06-22 00:00:00 to 2026-07-21 00:00:00
[2026-07-21 03:31:29]   -> Updated ForecastDetails row 2.
[2026-07-21 03:31:29]   -> Metrics: last_actual=78.18, abs_error=1.39, pct_error=1.78%, mape=1.08%
[2026-07-21 03:31:29] Pending forecast evaluated.
[2026-07-21 03:31:29] 
[2026-07-21 03:31:29] --- STAGE 3: GENERATING NEW FORECAST ---
[2026-07-21 03:31:29] Running future forecast for horizon=6...
[2026-07-21 03:31:30] Logged new future forecast ID 2 at row 3. Pending actuals.
[2026-07-21 03:31:30] SOL-USD completed. Forecast ID: 2
