[2026-07-22 03:30:01] 
[2026-07-22 03:30:01] ================================================================================
[2026-07-22 03:30:01] PROCESSING SOL-USD
[2026-07-22 03:30:01] ================================================================================
[2026-07-22 03:30:01] 
[2026-07-22 03:30:01] --- STAGE 1: DOWNLOADING DATA ---
[2026-07-22 03:30:01] Downloading data for SOL-USD (period=30d, interval=4h)...
[2026-07-22 03:30:01] Data downloaded successfully. Total rows: 175
[2026-07-22 03:30:01] 
[2026-07-22 03:30:01] --- STAGE 2: EVALUATING LATEST FORECAST ---
[2026-07-22 03:30:01] Latest forecast (row 3) is pending. Evaluating...
[2026-07-22 03:30:01]   ForecastTime:    2026-07-21 03:31:30
[2026-07-22 03:30:01]   Rounded to:      2026-07-21 00:00:00
[2026-07-22 03:30:01]   Target windows:  2026-07-21 04:00:00 to 2026-07-22 00:00:00
[2026-07-22 03:30:01]   Data range:      2026-06-23 00:00:00 to 2026-07-22 00:00:00
[2026-07-22 03:30:01]   -> Updated ForecastDetails row 3.
[2026-07-22 03:30:01]   -> Metrics: last_actual=78.10, abs_error=0.26, pct_error=0.33%, mape=0.32%
[2026-07-22 03:30:01] Pending forecast evaluated.
[2026-07-22 03:30:01] 
[2026-07-22 03:30:01] --- STAGE 3: GENERATING NEW FORECAST ---
[2026-07-22 03:30:01] Running future forecast for horizon=6...
[2026-07-22 03:30:02] Logged new future forecast ID 3 at row 4. Pending actuals.
[2026-07-22 03:30:02] SOL-USD completed. Forecast ID: 3
