[2026-07-24 03:31:18] 
[2026-07-24 03:31:18] ================================================================================
[2026-07-24 03:31:18] PROCESSING SOL-USD
[2026-07-24 03:31:18] ================================================================================
[2026-07-24 03:31:18] 
[2026-07-24 03:31:18] --- STAGE 1: DOWNLOADING DATA ---
[2026-07-24 03:31:18] Downloading data for SOL-USD (period=60d, interval=1h)...
[2026-07-24 03:31:19] Data downloaded successfully. Total rows: 1420
[2026-07-24 03:31:19] 
[2026-07-24 03:31:19] --- STAGE 2: EVALUATING LATEST FORECAST ---
[2026-07-24 03:31:19] Latest forecast (row 5) is pending. Evaluating...
[2026-07-24 03:31:19]   ForecastTime:    2026-07-23 03:34:54
[2026-07-24 03:31:19]   Rounded to:      2026-07-23 03:00:00
[2026-07-24 03:31:19]   Target windows:  2026-07-23 04:00:00 to 2026-07-24 03:00:00
[2026-07-24 03:31:19]   Data range:      2026-05-26 00:00:00 to 2026-07-24 03:00:00
[2026-07-24 03:31:19]   -> Updated ForecastDetails row 5.
[2026-07-24 03:31:19]   -> Metrics: last_actual=75.85, abs_error=1.59, pct_error=2.10%, mape=1.39%
[2026-07-24 03:31:19] Pending forecast evaluated.
[2026-07-24 03:31:19] 
[2026-07-24 03:31:19] --- STAGE 3: GENERATING NEW FORECAST ---
[2026-07-24 03:31:19] Running future forecast for horizon=24...
[2026-07-24 03:31:20] Logged new future forecast ID 5 at row 6. Pending actuals.
[2026-07-24 03:31:20] SOL-USD completed. Forecast ID: 5
