[2026-07-22 03:29:54] 
[2026-07-22 03:29:54] ================================================================================
[2026-07-22 03:29:54] PROCESSING SOL-USD
[2026-07-22 03:29:54] ================================================================================
[2026-07-22 03:29:54] 
[2026-07-22 03:29:54] --- STAGE 1: DOWNLOADING DATA ---
[2026-07-22 03:29:54] Downloading data for SOL-USD (period=60d, interval=1h)...
[2026-07-22 03:29:54] Data downloaded successfully. Total rows: 1420
[2026-07-22 03:29:54] 
[2026-07-22 03:29:54] --- STAGE 2: EVALUATING LATEST FORECAST ---
[2026-07-22 03:29:54] Latest forecast (row 3) is pending. Evaluating...
[2026-07-22 03:29:54]   ForecastTime:    2026-07-21 03:31:23
[2026-07-22 03:29:54]   Rounded to:      2026-07-21 03:00:00
[2026-07-22 03:29:54]   Target windows:  2026-07-21 04:00:00 to 2026-07-22 03:00:00
[2026-07-22 03:29:54]   Data range:      2026-05-24 00:00:00 to 2026-07-22 03:00:00
[2026-07-22 03:29:54]   -> Updated ForecastDetails row 3.
[2026-07-22 03:29:54]   -> Metrics: last_actual=78.13, abs_error=0.07, pct_error=0.09%, mape=0.32%
[2026-07-22 03:29:54] Pending forecast evaluated.
[2026-07-22 03:29:54] 
[2026-07-22 03:29:54] --- STAGE 3: GENERATING NEW FORECAST ---
[2026-07-22 03:29:54] Running future forecast for horizon=24...
[2026-07-22 03:29:55] Logged new future forecast ID 3 at row 4. Pending actuals.
[2026-07-22 03:29:55] SOL-USD completed. Forecast ID: 3
