[2026-07-21 03:31:21] 
[2026-07-21 03:31:21] ================================================================================
[2026-07-21 03:31:21] PROCESSING ETH-USD
[2026-07-21 03:31:21] ================================================================================
[2026-07-21 03:31:21] 
[2026-07-21 03:31:21] --- STAGE 1: DOWNLOADING DATA ---
[2026-07-21 03:31:21] Downloading data for ETH-USD (period=60d, interval=1h)...
[2026-07-21 03:31:21] Data downloaded successfully. Total rows: 1420
[2026-07-21 03:31:21] 
[2026-07-21 03:31:21] --- STAGE 2: EVALUATING LATEST FORECAST ---
[2026-07-21 03:31:21] Latest forecast (row 2) is pending. Evaluating...
[2026-07-21 03:31:21]   ForecastTime:    2026-07-20 03:51:54
[2026-07-21 03:31:21]   Rounded to:      2026-07-20 03:00:00
[2026-07-21 03:31:21]   Target windows:  2026-07-20 04:00:00 to 2026-07-21 03:00:00
[2026-07-21 03:31:21]   Data range:      2026-05-23 00:00:00 to 2026-07-21 03:00:00
[2026-07-21 03:31:21]   -> Updated ForecastDetails row 2.
[2026-07-21 03:31:21]   -> Metrics: last_actual=1922.65, abs_error=45.76, pct_error=2.38%, mape=1.17%
[2026-07-21 03:31:21] Pending forecast evaluated.
[2026-07-21 03:31:21] 
[2026-07-21 03:31:21] --- STAGE 3: GENERATING NEW FORECAST ---
[2026-07-21 03:31:21] Running future forecast for horizon=24...
[2026-07-21 03:31:22] Logged new future forecast ID 2 at row 3. Pending actuals.
[2026-07-21 03:31:22] ETH-USD completed. Forecast ID: 2
