[2026-07-22 03:29:53] 
[2026-07-22 03:29:53] ================================================================================
[2026-07-22 03:29:53] PROCESSING ETH-USD
[2026-07-22 03:29:53] ================================================================================
[2026-07-22 03:29:53] 
[2026-07-22 03:29:53] --- STAGE 1: DOWNLOADING DATA ---
[2026-07-22 03:29:53] Downloading data for ETH-USD (period=60d, interval=1h)...
[2026-07-22 03:29:53] Data downloaded successfully. Total rows: 1420
[2026-07-22 03:29:53] 
[2026-07-22 03:29:53] --- STAGE 2: EVALUATING LATEST FORECAST ---
[2026-07-22 03:29:53] Latest forecast (row 3) is pending. Evaluating...
[2026-07-22 03:29:53]   ForecastTime:    2026-07-21 03:31:22
[2026-07-22 03:29:53]   Rounded to:      2026-07-21 03:00:00
[2026-07-22 03:29:53]   Target windows:  2026-07-21 04:00:00 to 2026-07-22 03:00:00
[2026-07-22 03:29:53]   Data range:      2026-05-24 00:00:00 to 2026-07-22 03:00:00
[2026-07-22 03:29:53]   -> Updated ForecastDetails row 3.
[2026-07-22 03:29:53]   -> Metrics: last_actual=1931.38, abs_error=7.17, pct_error=0.37%, mape=0.40%
[2026-07-22 03:29:53] Pending forecast evaluated.
[2026-07-22 03:29:53] 
[2026-07-22 03:29:53] --- STAGE 3: GENERATING NEW FORECAST ---
[2026-07-22 03:29:53] Running future forecast for horizon=24...
[2026-07-22 03:29:54] Logged new future forecast ID 3 at row 4. Pending actuals.
[2026-07-22 03:29:54] ETH-USD completed. Forecast ID: 3
