[2026-07-23 03:34:59] 
[2026-07-23 03:34:59] ================================================================================
[2026-07-23 03:34:59] PROCESSING BTC-USD
[2026-07-23 03:34:59] ================================================================================
[2026-07-23 03:34:59] 
[2026-07-23 03:34:59] --- STAGE 1: DOWNLOADING DATA ---
[2026-07-23 03:34:59] Downloading data for BTC-USD (period=30d, interval=4h)...
[2026-07-23 03:34:59] Data downloaded successfully. Total rows: 175
[2026-07-23 03:34:59] 
[2026-07-23 03:34:59] --- STAGE 2: EVALUATING LATEST FORECAST ---
[2026-07-23 03:34:59] Latest forecast (row 4) is pending. Evaluating...
[2026-07-23 03:34:59]   ForecastTime:    2026-07-22 03:30:00
[2026-07-23 03:34:59]   Rounded to:      2026-07-22 00:00:00
[2026-07-23 03:34:59]   Target windows:  2026-07-22 04:00:00 to 2026-07-23 00:00:00
[2026-07-23 03:34:59]   Data range:      2026-06-24 00:00:00 to 2026-07-23 00:00:00
[2026-07-23 03:34:59]   -> Updated ForecastDetails row 4.
[2026-07-23 03:34:59]   -> Metrics: last_actual=65647.77, abs_error=532.24, pct_error=0.81%, mape=0.46%
[2026-07-23 03:34:59] Pending forecast evaluated.
[2026-07-23 03:34:59] 
[2026-07-23 03:34:59] --- STAGE 3: GENERATING NEW FORECAST ---
[2026-07-23 03:34:59] Running future forecast for horizon=6...
[2026-07-23 03:35:00] Logged new future forecast ID 4 at row 5. Pending actuals.
[2026-07-23 03:35:00] BTC-USD completed. Forecast ID: 4
