[2026-07-21 03:31:27] 
[2026-07-21 03:31:27] ================================================================================
[2026-07-21 03:31:27] PROCESSING BTC-USD
[2026-07-21 03:31:27] ================================================================================
[2026-07-21 03:31:27] 
[2026-07-21 03:31:27] --- STAGE 1: DOWNLOADING DATA ---
[2026-07-21 03:31:27] Downloading data for BTC-USD (period=30d, interval=4h)...
[2026-07-21 03:31:27] Data downloaded successfully. Total rows: 175
[2026-07-21 03:31:27] 
[2026-07-21 03:31:27] --- STAGE 2: EVALUATING LATEST FORECAST ---
[2026-07-21 03:31:27] Latest forecast (row 2) is pending. Evaluating...
[2026-07-21 03:31:27]   ForecastTime:    2026-07-20 03:52:01
[2026-07-21 03:31:27]   Rounded to:      2026-07-20 00:00:00
[2026-07-21 03:31:27]   Target windows:  2026-07-20 04:00:00 to 2026-07-21 00:00:00
[2026-07-21 03:31:27]   Data range:      2026-06-22 00:00:00 to 2026-07-21 00:00:00
[2026-07-21 03:31:27]   -> Updated ForecastDetails row 2.
[2026-07-21 03:31:27]   -> Metrics: last_actual=65422.14, abs_error=895.45, pct_error=1.37%, mape=0.92%
[2026-07-21 03:31:27] Pending forecast evaluated.
[2026-07-21 03:31:27] 
[2026-07-21 03:31:27] --- STAGE 3: GENERATING NEW FORECAST ---
[2026-07-21 03:31:27] Running future forecast for horizon=6...
[2026-07-21 03:31:28] Logged new future forecast ID 2 at row 3. Pending actuals.
[2026-07-21 03:31:28] BTC-USD completed. Forecast ID: 2
