[2026-07-24 03:31:07] 
[2026-07-24 03:31:07] ================================================================================
[2026-07-24 03:31:07] PROCESSING ETH-USD
[2026-07-24 03:31:07] ================================================================================
[2026-07-24 03:31:07] 
[2026-07-24 03:31:07] --- STAGE 1: DOWNLOADING DATA ---
[2026-07-24 03:31:07] Downloading data for ETH-USD (period=30d, interval=1h)...
[2026-07-24 03:31:07] Data downloaded successfully. Total rows: 700
[2026-07-24 03:31:07] 
[2026-07-24 03:31:07] --- STAGE 2: EVALUATING LATEST FORECAST ---
[2026-07-24 03:31:07] Latest forecast (row 5) is pending. Evaluating...
[2026-07-24 03:31:07]   ForecastTime:    2026-07-23 03:34:46
[2026-07-24 03:31:07]   Rounded to:      2026-07-23 03:00:00
[2026-07-24 03:31:07]   Target windows:  2026-07-23 04:00:00 to 2026-07-24 03:00:00
[2026-07-24 03:31:07]   Data range:      2026-06-25 00:00:00 to 2026-07-24 03:00:00
[2026-07-24 03:31:07]   -> Updated ForecastDetails row 5.
[2026-07-24 03:31:07]   -> Metrics: last_actual=1878.27, abs_error=44.76, pct_error=2.38%, mape=1.54%
[2026-07-24 03:31:07] Pending forecast evaluated.
[2026-07-24 03:31:07] 
[2026-07-24 03:31:07] --- STAGE 3: GENERATING NEW FORECAST ---
[2026-07-24 03:31:07] Running future forecast for horizon=24...
[2026-07-24 03:31:08] Logged new future forecast ID 5 at row 6. Pending actuals.
[2026-07-24 03:31:08] ETH-USD completed. Forecast ID: 5
