[2026-07-22 03:29:45] 
[2026-07-22 03:29:45] ================================================================================
[2026-07-22 03:29:45] PROCESSING ETH-USD
[2026-07-22 03:29:45] ================================================================================
[2026-07-22 03:29:45] 
[2026-07-22 03:29:45] --- STAGE 1: DOWNLOADING DATA ---
[2026-07-22 03:29:45] Downloading data for ETH-USD (period=30d, interval=1h)...
[2026-07-22 03:29:45] Data downloaded successfully. Total rows: 700
[2026-07-22 03:29:45] 
[2026-07-22 03:29:45] --- STAGE 2: EVALUATING LATEST FORECAST ---
[2026-07-22 03:29:45] Latest forecast (row 3) is pending. Evaluating...
[2026-07-22 03:29:45]   ForecastTime:    2026-07-21 03:31:15
[2026-07-22 03:29:45]   Rounded to:      2026-07-21 03:00:00
[2026-07-22 03:29:45]   Target windows:  2026-07-21 04:00:00 to 2026-07-22 03:00:00
[2026-07-22 03:29:45]   Data range:      2026-06-23 00:00:00 to 2026-07-22 03:00:00
[2026-07-22 03:29:45]   -> Updated ForecastDetails row 3.
[2026-07-22 03:29:46]   -> Metrics: last_actual=1931.10, abs_error=5.90, pct_error=0.31%, mape=0.38%
[2026-07-22 03:29:46] Pending forecast evaluated.
[2026-07-22 03:29:46] 
[2026-07-22 03:29:46] --- STAGE 3: GENERATING NEW FORECAST ---
[2026-07-22 03:29:46] Running future forecast for horizon=24...
[2026-07-22 03:29:46] Logged new future forecast ID 3 at row 4. Pending actuals.
[2026-07-22 03:29:46] ETH-USD completed. Forecast ID: 3
