[2026-07-21 03:31:14] 
[2026-07-21 03:31:14] ================================================================================
[2026-07-21 03:31:14] PROCESSING ETH-USD
[2026-07-21 03:31:14] ================================================================================
[2026-07-21 03:31:14] 
[2026-07-21 03:31:14] --- STAGE 1: DOWNLOADING DATA ---
[2026-07-21 03:31:14] Downloading data for ETH-USD (period=30d, interval=1h)...
[2026-07-21 03:31:14] Data downloaded successfully. Total rows: 700
[2026-07-21 03:31:14] 
[2026-07-21 03:31:14] --- STAGE 2: EVALUATING LATEST FORECAST ---
[2026-07-21 03:31:14] Latest forecast (row 2) is pending. Evaluating...
[2026-07-21 03:31:14]   ForecastTime:    2026-07-20 03:51:46
[2026-07-21 03:31:14]   Rounded to:      2026-07-20 03:00:00
[2026-07-21 03:31:14]   Target windows:  2026-07-20 04:00:00 to 2026-07-21 03:00:00
[2026-07-21 03:31:14]   Data range:      2026-06-22 00:00:00 to 2026-07-21 03:00:00
[2026-07-21 03:31:14]   -> Updated ForecastDetails row 2.
[2026-07-21 03:31:14]   -> Metrics: last_actual=1922.77, abs_error=49.19, pct_error=2.56%, mape=1.22%
[2026-07-21 03:31:14] Pending forecast evaluated.
[2026-07-21 03:31:14] 
[2026-07-21 03:31:14] --- STAGE 3: GENERATING NEW FORECAST ---
[2026-07-21 03:31:14] Running future forecast for horizon=24...
[2026-07-21 03:31:15] Logged new future forecast ID 2 at row 3. Pending actuals.
[2026-07-21 03:31:15] ETH-USD completed. Forecast ID: 2
