[2026-07-23 03:34:44] 
[2026-07-23 03:34:44] ================================================================================
[2026-07-23 03:34:44] PROCESSING BTC-USD
[2026-07-23 03:34:44] ================================================================================
[2026-07-23 03:34:44] 
[2026-07-23 03:34:44] --- STAGE 1: DOWNLOADING DATA ---
[2026-07-23 03:34:44] Downloading data for BTC-USD (period=30d, interval=1h)...
[2026-07-23 03:34:44] Data downloaded successfully. Total rows: 700
[2026-07-23 03:34:44] 
[2026-07-23 03:34:44] --- STAGE 2: EVALUATING LATEST FORECAST ---
[2026-07-23 03:34:44] Latest forecast (row 4) is pending. Evaluating...
[2026-07-23 03:34:44]   ForecastTime:    2026-07-22 03:29:45
[2026-07-23 03:34:44]   Rounded to:      2026-07-22 03:00:00
[2026-07-23 03:34:44]   Target windows:  2026-07-22 04:00:00 to 2026-07-23 03:00:00
[2026-07-23 03:34:44]   Data range:      2026-06-24 00:00:00 to 2026-07-23 03:00:00
[2026-07-23 03:34:44]   -> Updated ForecastDetails row 4.
[2026-07-23 03:34:45]   -> Metrics: last_actual=65628.55, abs_error=380.05, pct_error=0.58%, mape=0.36%
[2026-07-23 03:34:45] Pending forecast evaluated.
[2026-07-23 03:34:45] 
[2026-07-23 03:34:45] --- STAGE 3: GENERATING NEW FORECAST ---
[2026-07-23 03:34:45] Running future forecast for horizon=24...
[2026-07-23 03:34:45] Logged new future forecast ID 4 at row 5. Pending actuals.
[2026-07-23 03:34:45] BTC-USD completed. Forecast ID: 4
