[2026-07-21 03:31:28] 
[2026-07-21 03:31:28] ================================================================================
[2026-07-21 03:31:28] PROCESSING ETH-USD
[2026-07-21 03:31:28] ================================================================================
[2026-07-21 03:31:28] 
[2026-07-21 03:31:28] --- STAGE 1: DOWNLOADING DATA ---
[2026-07-21 03:31:28] Downloading data for ETH-USD (period=30d, interval=4h)...
[2026-07-21 03:31:28] Data downloaded successfully. Total rows: 175
[2026-07-21 03:31:28] 
[2026-07-21 03:31:28] --- STAGE 2: EVALUATING LATEST FORECAST ---
[2026-07-21 03:31:28] Latest forecast (row 2) is pending. Evaluating...
[2026-07-21 03:31:28]   ForecastTime:    2026-07-20 03:52:02
[2026-07-21 03:31:28]   Rounded to:      2026-07-20 00:00:00
[2026-07-21 03:31:28]   Target windows:  2026-07-20 04:00:00 to 2026-07-21 00:00:00
[2026-07-21 03:31:28]   Data range:      2026-06-22 00:00:00 to 2026-07-21 00:00:00
[2026-07-21 03:31:28]   -> Updated ForecastDetails row 2.
[2026-07-21 03:31:28]   -> Metrics: last_actual=1922.80, abs_error=51.23, pct_error=2.66%, mape=1.42%
[2026-07-21 03:31:28] Pending forecast evaluated.
[2026-07-21 03:31:28] 
[2026-07-21 03:31:28] --- STAGE 3: GENERATING NEW FORECAST ---
[2026-07-21 03:31:28] Running future forecast for horizon=6...
[2026-07-21 03:31:29] Logged new future forecast ID 2 at row 3. Pending actuals.
[2026-07-21 03:31:29] ETH-USD completed. Forecast ID: 2
