[2026-07-22 03:30:00] 
[2026-07-22 03:30:00] ================================================================================
[2026-07-22 03:30:00] PROCESSING ETH-USD
[2026-07-22 03:30:00] ================================================================================
[2026-07-22 03:30:00] 
[2026-07-22 03:30:00] --- STAGE 1: DOWNLOADING DATA ---
[2026-07-22 03:30:00] Downloading data for ETH-USD (period=30d, interval=4h)...
[2026-07-22 03:30:00] Data downloaded successfully. Total rows: 175
[2026-07-22 03:30:00] 
[2026-07-22 03:30:00] --- STAGE 2: EVALUATING LATEST FORECAST ---
[2026-07-22 03:30:00] Latest forecast (row 3) is pending. Evaluating...
[2026-07-22 03:30:00]   ForecastTime:    2026-07-21 03:31:29
[2026-07-22 03:30:00]   Rounded to:      2026-07-21 00:00:00
[2026-07-22 03:30:00]   Target windows:  2026-07-21 04:00:00 to 2026-07-22 00:00:00
[2026-07-22 03:30:00]   Data range:      2026-06-23 00:00:00 to 2026-07-22 00:00:00
[2026-07-22 03:30:00]   -> Updated ForecastDetails row 3.
[2026-07-22 03:30:00]   -> Metrics: last_actual=1930.85, abs_error=7.83, pct_error=0.41%, mape=0.34%
[2026-07-22 03:30:00] Pending forecast evaluated.
[2026-07-22 03:30:00] 
[2026-07-22 03:30:00] --- STAGE 3: GENERATING NEW FORECAST ---
[2026-07-22 03:30:00] Running future forecast for horizon=6...
[2026-07-22 03:30:01] Logged new future forecast ID 3 at row 4. Pending actuals.
[2026-07-22 03:30:01] ETH-USD completed. Forecast ID: 3
