[2026-07-24 03:31:28] 
[2026-07-24 03:31:28] ================================================================================
[2026-07-24 03:31:28] PROCESSING ETH-USD
[2026-07-24 03:31:28] ================================================================================
[2026-07-24 03:31:28] 
[2026-07-24 03:31:28] --- STAGE 1: DOWNLOADING DATA ---
[2026-07-24 03:31:28] Downloading data for ETH-USD (period=30d, interval=4h)...
[2026-07-24 03:31:28] Data downloaded successfully. Total rows: 175
[2026-07-24 03:31:28] 
[2026-07-24 03:31:28] --- STAGE 2: EVALUATING LATEST FORECAST ---
[2026-07-24 03:31:28] Latest forecast (row 5) is pending. Evaluating...
[2026-07-24 03:31:28]   ForecastTime:    2026-07-23 03:35:01
[2026-07-24 03:31:28]   Rounded to:      2026-07-23 00:00:00
[2026-07-24 03:31:28]   Target windows:  2026-07-23 04:00:00 to 2026-07-24 00:00:00
[2026-07-24 03:31:28]   Data range:      2026-06-25 00:00:00 to 2026-07-24 00:00:00
[2026-07-24 03:31:28]   -> Updated ForecastDetails row 5.
[2026-07-24 03:31:28]   -> Metrics: last_actual=1878.60, abs_error=40.30, pct_error=2.15%, mape=1.57%
[2026-07-24 03:31:28] Pending forecast evaluated.
[2026-07-24 03:31:28] 
[2026-07-24 03:31:28] --- STAGE 3: GENERATING NEW FORECAST ---
[2026-07-24 03:31:28] Running future forecast for horizon=6...
[2026-07-24 03:31:29] Logged new future forecast ID 5 at row 6. Pending actuals.
[2026-07-24 03:31:29] ETH-USD completed. Forecast ID: 5
